<?xml version="1.0" encoding="utf-8"?><testsuite errors="0" failures="0" name="pytest" skips="0" tests="5" time="11.078"><testcase classname="test_systemstat.TestSystemStatTool" file="test_systemstat.py" line="21" name="test_default_command_fxn" time="0.0042362213134765625"></testcase><testcase classname="test_systemstat.TestSystemStatTool" file="test_systemstat.py" line="41" name="test_system_up_no_waiting" time="0.0026099681854248047"></testcase><testcase classname="test_systemstat.TestSystemStatTool" file="test_systemstat.py" line="73" name="test_delay_systemup" time="3.008129119873047"></testcase><testcase classname="test_systemstat.TestSystemStatTool" file="test_systemstat.py" line="114" name="test_wait_timeout" time="4.0133984088897705"></testcase><testcase classname="test_systemstat.TestSystemStatTool" file="test_systemstat.py" line="151" name="test_sleep_affects_iterations" time="4.014205455780029"></testcase></testsuite>